<?xml version="1.0" encoding="UTF-8"?>
<testsuite name="MyTest" tests="1" skipped="0" failures="0" errors="0" timestamp="2019-08-08T17:51:34" hostname="macbook-pro-3.canlab.ibm.com" time="0.001">
  <properties/>
  <testcase name="name" classname="MyTest" time="0.001"/>
  <system-out><![CDATA[]]></system-out>
  <system-err><![CDATA[]]></system-err>
</testsuite>
